c:\users\gebruiker\source\repos\kmint\kmint_framework\framework\sdlframework\sdlframework\debug\vc141.pdb
c:\users\gebruiker\source\repos\kmint\kmint_framework\framework\sdlframework\sdlframework\debug\vc141.idb
c:\users\gebruiker\source\repos\kmint\kmint_framework\framework\sdlframework\sdlframework\debug\astar.obj
c:\users\gebruiker\source\repos\kmint\kmint_framework\framework\sdlframework\sdlframework\debug\cow.obj
c:\users\gebruiker\source\repos\kmint\kmint_framework\framework\sdlframework\sdlframework\debug\edge.obj
c:\users\gebruiker\source\repos\kmint\kmint_framework\framework\sdlframework\sdlframework\debug\fwapplication.obj
c:\users\gebruiker\source\repos\kmint\kmint_framework\framework\sdlframework\sdlframework\debug\graph.obj
c:\users\gebruiker\source\repos\kmint\kmint_framework\framework\sdlframework\sdlframework\debug\map.obj
c:\users\gebruiker\source\repos\kmint\kmint_framework\framework\sdlframework\sdlframework\debug\rabbit.obj
c:\users\gebruiker\source\repos\kmint\kmint_framework\framework\sdlframework\sdlframework\debug\main.obj
c:\users\gebruiker\source\repos\kmint\kmint_framework\framework\sdlframework\sdlframework\debug\randomgenerator.obj
c:\users\gebruiker\source\repos\kmint\kmint_framework\framework\sdlframework\sdlframework\debug\filereader.obj
c:\users\gebruiker\source\repos\kmint\kmint_framework\framework\sdlframework\sdlframework\debug\vertex.obj
c:\users\gebruiker\source\repos\kmint\kmint_framework\framework\sdlframework\debug\sdlframework.exe
c:\users\gebruiker\source\repos\kmint\kmint_framework\framework\sdlframework\debug\sdlframework.ilk
c:\users\gebruiker\source\repos\kmint\kmint_framework\framework\sdlframework\debug\sdlframework.pdb
c:\users\gebruiker\source\repos\kmint\kmint_framework\framework\sdlframework\sdlframework\debug\sdlframework.tlog\cl.command.1.tlog
c:\users\gebruiker\source\repos\kmint\kmint_framework\framework\sdlframework\sdlframework\debug\sdlframework.tlog\cl.read.1.tlog
c:\users\gebruiker\source\repos\kmint\kmint_framework\framework\sdlframework\sdlframework\debug\sdlframework.tlog\cl.write.1.tlog
c:\users\gebruiker\source\repos\kmint\kmint_framework\framework\sdlframework\sdlframework\debug\sdlframework.tlog\link.command.1.tlog
c:\users\gebruiker\source\repos\kmint\kmint_framework\framework\sdlframework\sdlframework\debug\sdlframework.tlog\link.read.1.tlog
c:\users\gebruiker\source\repos\kmint\kmint_framework\framework\sdlframework\sdlframework\debug\sdlframework.tlog\link.write.1.tlog
